# JRE version: OpenJDK Runtime Environment (17.0.6) (build 17.0.6+0-b2043.56-10027231)
# Java VM: OpenJDK 64-Bit Server VM (17.0.6+0-b2043.56-10027231, mixed mode, tiered, compressed oops, compressed class ptrs, g1 gc, windows-amd64)
GC Precious Log:
 CPUs: 4 total, 4 available
 Memory: 8088M
 Large Page Support: Disabled
 NUMA Support: Disabled
 Compressed Oops: Enabled (32-bit)
 Heap Region Size: 1M
 Heap Min Capacity: 8M
 Heap Initial Capacity: 128M
 Heap Max Capacity: 2G
 Pre-touch: Disabled
 Parallel Workers: 4
 Concurrent Workers: 1
 Concurrent Refinement Workers: 4
 Periodic GC: Disabled
Heap:
 garbage-first heap   total 209920K, used 152265K [0x0000000080000000, 0x0000000100000000)
  region size 1024K, 4 young (4096K), 4 survivors (4096K)
 Metaspace       used 88082K, committed 88832K, reserved 1130496K
  class space    used 12068K, committed 12416K, reserved 1048576K
GC Heap History (20 events):
Event: 18.912 GC heap after
{Heap after GC invocations=29 (full 0):
 garbage-first heap   total 150528K, used 89308K [0x0000000080000000, 0x0000000100000000)
  region size 1024K, 1 young (1024K), 1 survivors (1024K)
 Metaspace       used 68241K, committed 68928K, reserved 1114112K
  class space    used 9123K, committed 9408K, reserved 1048576K
}
Event: 19.657 GC heap before
{Heap before GC invocations=29 (full 0):
 garbage-first heap   total 150528K, used 120028K [0x0000000080000000, 0x0000000100000000)
  region size 1024K, 31 young (31744K), 1 survivors (1024K)
 Metaspace       used 71199K, committed 71872K, reserved 1114112K
  class space    used 9529K, committed 9856K, reserved 1048576K
}
Event: 19.663 GC heap after
{Heap after GC invocations=30 (full 0):
 garbage-first heap   total 186368K, used 90730K [0x0000000080000000, 0x0000000100000000)
  region size 1024K, 3 young (3072K), 3 survivors (3072K)
 Metaspace       used 71199K, committed 71872K, reserved 1114112K
  class space    used 9529K, committed 9856K, reserved 1048576K
}
Event: 21.622 GC heap before
{Heap before GC invocations=31 (full 0):
 garbage-first heap   total 186368K, used 139882K [0x0000000080000000, 0x0000000100000000)
  region size 1024K, 52 young (53248K), 3 survivors (3072K)
 Metaspace       used 76261K, committed 76992K, reserved 1122304K
  class space    used 10196K, committed 10560K, reserved 1048576K
}
Event: 21.635 GC heap after
{Heap after GC invocations=32 (full 0):
 garbage-first heap   total 186368K, used 95209K [0x0000000080000000, 0x0000000100000000)
  region size 1024K, 7 young (7168K), 7 survivors (7168K)
 Metaspace       used 76261K, committed 76992K, reserved 1122304K
  class space    used 10196K, committed 10560K, reserved 1048576K
}
Event: 21.716 GC heap before
{Heap before GC invocations=32 (full 0):
 garbage-first heap   total 186368K, used 97257K [0x0000000080000000, 0x0000000100000000)
  region size 1024K, 9 young (9216K), 7 survivors (7168K)
 Metaspace       used 76501K, committed 77184K, reserved 1122304K
  class space    used 10235K, committed 10560K, reserved 1048576K
}
Event: 21.727 GC heap after
{Heap after GC invocations=33 (full 0):
 garbage-first heap   total 186368K, used 95577K [0x0000000080000000, 0x0000000100000000)
  region size 1024K, 1 young (1024K), 1 survivors (1024K)
 Metaspace       used 76501K, committed 77184K, reserved 1122304K
  class space    used 10235K, committed 10560K, reserved 1048576K
}
Event: 23.264 GC heap before
{Heap before GC invocations=33 (full 0):
 garbage-first heap   total 186368K, used 144729K [0x0000000080000000, 0x0000000100000000)
  region size 1024K, 49 young (50176K), 1 survivors (1024K)
 Metaspace       used 82138K, committed 82880K, reserved 1122304K
  class space    used 11212K, committed 11584K, reserved 1048576K
}
Event: 23.271 GC heap after
{Heap after GC invocations=34 (full 0):
 garbage-first heap   total 186368K, used 97448K [0x0000000080000000, 0x0000000100000000)
  region size 1024K, 3 young (3072K), 3 survivors (3072K)
 Metaspace       used 82138K, committed 82880K, reserved 1122304K
  class space    used 11212K, committed 11584K, reserved 1048576K
}
Event: 23.893 GC heap before
{Heap before GC invocations=34 (full 0):
 garbage-first heap   total 186368K, used 107688K [0x0000000080000000, 0x0000000100000000)
  region size 1024K, 14 young (14336K), 3 survivors (3072K)
 Metaspace       used 83740K, committed 84480K, reserved 1122304K
  class space    used 11429K, committed 11776K, reserved 1048576K
}
Event: 23.900 GC heap after
{Heap after GC invocations=35 (full 0):
 garbage-first heap   total 186368K, used 98565K [0x0000000080000000, 0x0000000100000000)
  region size 1024K, 4 young (4096K), 4 survivors (4096K)
 Metaspace       used 83740K, committed 84480K, reserved 1122304K
  class space    used 11429K, committed 11776K, reserved 1048576K
}
Event: 25.680 GC heap before
{Heap before GC invocations=36 (full 0):
 garbage-first heap   total 209920K, used 169221K [0x0000000080000000, 0x0000000100000000)
  region size 1024K, 52 young (53248K), 4 survivors (4096K)
 Metaspace       used 87283K, committed 88000K, reserved 1130496K
  class space    used 11964K, committed 12288K, reserved 1048576K
}
Event: 25.695 GC heap after
{Heap after GC invocations=37 (full 0):
 garbage-first heap   total 209920K, used 128385K [0x0000000080000000, 0x0000000100000000)
  region size 1024K, 7 young (7168K), 7 survivors (7168K)
 Metaspace       used 87283K, committed 88000K, reserved 1130496K
  class space    used 11964K, committed 12288K, reserved 1048576K
}
Event: 25.729 GC heap before
{Heap before GC invocations=37 (full 0):
 garbage-first heap   total 209920K, used 131457K [0x0000000080000000, 0x0000000100000000)
  region size 1024K, 10 young (10240K), 7 survivors (7168K)
 Metaspace       used 87363K, committed 88064K, reserved 1130496K
  class space    used 11977K, committed 12288K, reserved 1048576K
}
Event: 25.736 GC heap after
{Heap after GC invocations=38 (full 0):
 garbage-first heap   total 209920K, used 128246K [0x0000000080000000, 0x0000000100000000)
  region size 1024K, 1 young (1024K), 1 survivors (1024K)
 Metaspace       used 87363K, committed 88064K, reserved 1130496K
  class space    used 11977K, committed 12288K, reserved 1048576K
}
Event: 26.184 GC heap before
{Heap before GC invocations=38 (full 0):
 garbage-first heap   total 209920K, used 177398K [0x0000000080000000, 0x0000000100000000)
  region size 1024K, 45 young (46080K), 1 survivors (1024K)
 Metaspace       used 88045K, committed 88768K, reserved 1130496K
  class space    used 12067K, committed 12416K, reserved 1048576K
}
Event: 26.201 GC heap after
{Heap after GC invocations=39 (full 0):
 garbage-first heap   total 209920K, used 145299K [0x0000000080000000, 0x0000000100000000)
  region size 1024K, 6 young (6144K), 6 survivors (6144K)
 Metaspace       used 88045K, committed 88768K, reserved 1130496K
  class space    used 12067K, committed 12416K, reserved 1048576K
}
Event: 27.115 GC heap before
{Heap before GC invocations=39 (full 0):
 garbage-first heap   total 209920K, used 170899K [0x0000000080000000, 0x0000000100000000)
  region size 1024K, 32 young (32768K), 6 survivors (6144K)
 Metaspace       used 88067K, committed 88768K, reserved 1130496K
  class space    used 12067K, committed 12416K, reserved 1048576K
}
Event: 27.135 GC heap after
{Heap after GC invocations=40 (full 0):
 garbage-first heap   total 209920K, used 149504K [0x0000000080000000, 0x0000000100000000)
  region size 1024K, 4 young (4096K), 4 survivors (4096K)
 Metaspace       used 88067K, committed 88768K, reserved 1130496K
  class space    used 12067K, committed 12416K, reserved 1048576K
}
Event: 36.081 GC heap before
{Heap before GC invocations=40 (full 0):
 garbage-first heap   total 209920K, used 174080K [0x0000000080000000, 0x0000000100000000)
  region size 1024K, 28 young (28672K), 4 survivors (4096K)
 Metaspace       used 88082K, committed 88832K, reserved 1130496K
  class space    used 12068K, committed 12416K, reserved 1048576K
}

