# JRE version: OpenJDK Runtime Environment (17.0.6) (build 17.0.6+0-b2043.56-10027231)
# Java VM: OpenJDK 64-Bit Server VM (17.0.6+0-b2043.56-10027231, mixed mode, tiered, compressed oops, compressed class ptrs, g1 gc, windows-amd64)
GC Precious Log:
 CPUs: 4 total, 4 available
 Memory: 8088M
 Large Page Support: Disabled
 NUMA Support: Disabled
 Compressed Oops: Enabled (32-bit)
 Heap Region Size: 1M
 Heap Min Capacity: 8M
 Heap Initial Capacity: 128M
 Heap Max Capacity: 2G
 Pre-touch: Disabled
 Parallel Workers: 4
 Concurrent Workers: 1
 Concurrent Refinement Workers: 4
 Periodic GC: Disabled
Heap:
 garbage-first heap   total 116736K, used 76855K [0x0000000080000000, 0x0000000100000000)
  region size 1024K, 13 young (13312K), 3 survivors (3072K)
 Metaspace       used 48859K, committed 49344K, reserved 1097728K
  class space    used 6377K, committed 6592K, reserved 1048576K
GC Heap History (20 events):
Event: 8.158 GC heap before
{Heap before GC invocations=7 (full 0):
 garbage-first heap   total 68608K, used 47414K [0x0000000080000000, 0x0000000100000000)
  region size 1024K, 21 young (21504K), 1 survivors (1024K)
 Metaspace       used 29362K, committed 29760K, reserved 1081344K
  class space    used 3976K, committed 4160K, reserved 1048576K
}
Event: 8.164 GC heap after
{Heap after GC invocations=8 (full 0):
 garbage-first heap   total 68608K, used 32265K [0x0000000080000000, 0x0000000100000000)
  region size 1024K, 4 young (4096K), 4 survivors (4096K)
 Metaspace       used 29362K, committed 29760K, reserved 1081344K
  class space    used 3976K, committed 4160K, reserved 1048576K
}
Event: 8.202 GC heap before
{Heap before GC invocations=8 (full 0):
 garbage-first heap   total 68608K, used 44553K [0x0000000080000000, 0x0000000100000000)
  region size 1024K, 5 young (5120K), 4 survivors (4096K)
 Metaspace       used 29364K, committed 29760K, reserved 1081344K
  class space    used 3976K, committed 4160K, reserved 1048576K
}
Event: 8.206 GC heap after
{Heap after GC invocations=9 (full 0):
 garbage-first heap   total 68608K, used 44729K [0x0000000080000000, 0x0000000100000000)
  region size 1024K, 1 young (1024K), 1 survivors (1024K)
 Metaspace       used 29364K, committed 29760K, reserved 1081344K
  class space    used 3976K, committed 4160K, reserved 1048576K
}
Event: 8.594 GC heap before
{Heap before GC invocations=10 (full 0):
 garbage-first heap   total 81920K, used 55993K [0x0000000080000000, 0x0000000100000000)
  region size 1024K, 11 young (11264K), 1 survivors (1024K)
 Metaspace       used 30635K, committed 31040K, reserved 1081344K
  class space    used 4168K, committed 4352K, reserved 1048576K
}
Event: 8.597 GC heap after
{Heap after GC invocations=11 (full 0):
 garbage-first heap   total 81920K, used 48951K [0x0000000080000000, 0x0000000100000000)
  region size 1024K, 2 young (2048K), 2 survivors (2048K)
 Metaspace       used 30635K, committed 31040K, reserved 1081344K
  class space    used 4168K, committed 4352K, reserved 1048576K
}
Event: 9.136 GC heap before
{Heap before GC invocations=11 (full 0):
 garbage-first heap   total 81920K, used 64311K [0x0000000080000000, 0x0000000100000000)
  region size 1024K, 17 young (17408K), 2 survivors (2048K)
 Metaspace       used 32622K, committed 33024K, reserved 1081344K
  class space    used 4504K, committed 4672K, reserved 1048576K
}
Event: 9.141 GC heap after
{Heap after GC invocations=12 (full 0):
 garbage-first heap   total 81920K, used 49326K [0x0000000080000000, 0x0000000100000000)
  region size 1024K, 3 young (3072K), 3 survivors (3072K)
 Metaspace       used 32622K, committed 33024K, reserved 1081344K
  class space    used 4504K, committed 4672K, reserved 1048576K
}
Event: 9.595 GC heap before
{Heap before GC invocations=13 (full 0):
 garbage-first heap   total 87040K, used 64686K [0x0000000080000000, 0x0000000100000000)
  region size 1024K, 18 young (18432K), 3 survivors (3072K)
 Metaspace       used 35047K, committed 35456K, reserved 1081344K
  class space    used 4866K, committed 5056K, reserved 1048576K
}
Event: 9.599 GC heap after
{Heap after GC invocations=14 (full 0):
 garbage-first heap   total 87040K, used 49728K [0x0000000080000000, 0x0000000100000000)
  region size 1024K, 2 young (2048K), 2 survivors (2048K)
 Metaspace       used 35047K, committed 35456K, reserved 1081344K
  class space    used 4866K, committed 5056K, reserved 1048576K
}
Event: 10.372 GC heap before
{Heap before GC invocations=14 (full 0):
 garbage-first heap   total 87040K, used 68160K [0x0000000080000000, 0x0000000100000000)
  region size 1024K, 21 young (21504K), 2 survivors (2048K)
 Metaspace       used 40591K, committed 41024K, reserved 1089536K
  class space    used 5485K, committed 5696K, reserved 1048576K
}
Event: 10.380 GC heap after
{Heap after GC invocations=15 (full 0):
 garbage-first heap   total 87040K, used 52368K [0x0000000080000000, 0x0000000100000000)
  region size 1024K, 3 young (3072K), 3 survivors (3072K)
 Metaspace       used 40591K, committed 41024K, reserved 1089536K
  class space    used 5485K, committed 5696K, reserved 1048576K
}
Event: 10.750 GC heap before
{Heap before GC invocations=16 (full 0):
 garbage-first heap   total 91136K, used 68752K [0x0000000080000000, 0x0000000100000000)
  region size 1024K, 20 young (20480K), 3 survivors (3072K)
 Metaspace       used 41658K, committed 42112K, reserved 1089536K
  class space    used 5569K, committed 5760K, reserved 1048576K
}
Event: 10.759 GC heap after
{Heap after GC invocations=17 (full 0):
 garbage-first heap   total 91136K, used 54948K [0x0000000080000000, 0x0000000100000000)
  region size 1024K, 3 young (3072K), 3 survivors (3072K)
 Metaspace       used 41658K, committed 42112K, reserved 1089536K
  class space    used 5569K, committed 5760K, reserved 1048576K
}
Event: 11.200 GC heap before
{Heap before GC invocations=17 (full 0):
 garbage-first heap   total 91136K, used 64164K [0x0000000080000000, 0x0000000100000000)
  region size 1024K, 14 young (14336K), 3 survivors (3072K)
 Metaspace       used 42130K, committed 42560K, reserved 1089536K
  class space    used 5614K, committed 5824K, reserved 1048576K
}
Event: 11.205 GC heap after
{Heap after GC invocations=18 (full 0):
 garbage-first heap   total 109568K, used 55665K [0x0000000080000000, 0x0000000100000000)
  region size 1024K, 2 young (2048K), 2 survivors (2048K)
 Metaspace       used 42130K, committed 42560K, reserved 1089536K
  class space    used 5614K, committed 5824K, reserved 1048576K
}
Event: 13.457 GC heap before
{Heap before GC invocations=19 (full 0):
 garbage-first heap   total 109568K, used 88433K [0x0000000080000000, 0x0000000100000000)
  region size 1024K, 33 young (33792K), 2 survivors (2048K)
 Metaspace       used 46590K, committed 47104K, reserved 1089536K
  class space    used 6182K, committed 6400K, reserved 1048576K
}
Event: 13.467 GC heap after
{Heap after GC invocations=20 (full 0):
 garbage-first heap   total 109568K, used 58021K [0x0000000080000000, 0x0000000100000000)
  region size 1024K, 5 young (5120K), 5 survivors (5120K)
 Metaspace       used 46590K, committed 47104K, reserved 1089536K
  class space    used 6182K, committed 6400K, reserved 1048576K
}
Event: 13.751 GC heap before
{Heap before GC invocations=21 (full 0):
 garbage-first heap   total 112640K, used 74405K [0x0000000080000000, 0x0000000100000000)
  region size 1024K, 16 young (16384K), 5 survivors (5120K)
 Metaspace       used 47317K, committed 47808K, reserved 1097728K
  class space    used 6265K, committed 6464K, reserved 1048576K
}
Event: 13.759 GC heap after
{Heap after GC invocations=22 (full 0):
 garbage-first heap   total 112640K, used 66615K [0x0000000080000000, 0x0000000100000000)
  region size 1024K, 3 young (3072K), 3 survivors (3072K)
 Metaspace       used 47317K, committed 47808K, reserved 1097728K
  class space    used 6265K, committed 6464K, reserved 1048576K
}

