# JRE version: OpenJDK Runtime Environment (17.0.6) (build 17.0.6+0-b2043.56-10027231)
# Java VM: OpenJDK 64-Bit Server VM (17.0.6+0-b2043.56-10027231, mixed mode, tiered, compressed oops, compressed class ptrs, g1 gc, windows-amd64)
GC Precious Log:
 CPUs: 4 total, 4 available
 Memory: 8088M
 Large Page Support: Disabled
 NUMA Support: Disabled
 Compressed Oops: Enabled (32-bit)
 Heap Region Size: 1M
 Heap Min Capacity: 8M
 Heap Initial Capacity: 128M
 Heap Max Capacity: 2G
 Pre-touch: Disabled
 Parallel Workers: 4
 Concurrent Workers: 1
 Concurrent Refinement Workers: 4
 Periodic GC: Disabled
Heap:
 garbage-first heap   total 117760K, used 68374K [0x0000000080000000, 0x0000000100000000)
  region size 1024K, 5 young (5120K), 4 survivors (4096K)
 Metaspace       used 48145K, committed 48576K, reserved 1097728K
  class space    used 6283K, committed 6464K, reserved 1048576K
GC Heap History (20 events):
Event: 8.938 GC heap before
{Heap before GC invocations=7 (full 0):
 garbage-first heap   total 68608K, used 44419K [0x0000000080000000, 0x0000000100000000)
  region size 1024K, 5 young (5120K), 4 survivors (4096K)
 Metaspace       used 29357K, committed 29696K, reserved 1081344K
  class space    used 3977K, committed 4160K, reserved 1048576K
}
Event: 8.943 GC heap after
{Heap after GC invocations=8 (full 0):
 garbage-first heap   total 68608K, used 45616K [0x0000000080000000, 0x0000000100000000)
  region size 1024K, 1 young (1024K), 1 survivors (1024K)
 Metaspace       used 29357K, committed 29696K, reserved 1081344K
  class space    used 3977K, committed 4160K, reserved 1048576K
}
Event: 9.326 GC heap before
{Heap before GC invocations=9 (full 0):
 garbage-first heap   total 83968K, used 55856K [0x0000000080000000, 0x0000000100000000)
  region size 1024K, 10 young (10240K), 1 survivors (1024K)
 Metaspace       used 30538K, committed 30912K, reserved 1081344K
  class space    used 4150K, committed 4352K, reserved 1048576K
}
Event: 9.328 GC heap after
{Heap after GC invocations=10 (full 0):
 garbage-first heap   total 83968K, used 49362K [0x0000000080000000, 0x0000000100000000)
  region size 1024K, 2 young (2048K), 2 survivors (2048K)
 Metaspace       used 30538K, committed 30912K, reserved 1081344K
  class space    used 4150K, committed 4352K, reserved 1048576K
}
Event: 9.902 GC heap before
{Heap before GC invocations=10 (full 0):
 garbage-first heap   total 83968K, used 64722K [0x0000000080000000, 0x0000000100000000)
  region size 1024K, 17 young (17408K), 2 survivors (2048K)
 Metaspace       used 32501K, committed 32832K, reserved 1081344K
  class space    used 4483K, committed 4672K, reserved 1048576K
}
Event: 9.906 GC heap after
{Heap after GC invocations=11 (full 0):
 garbage-first heap   total 83968K, used 49877K [0x0000000080000000, 0x0000000100000000)
  region size 1024K, 1 young (1024K), 1 survivors (1024K)
 Metaspace       used 32501K, committed 32832K, reserved 1081344K
  class space    used 4483K, committed 4672K, reserved 1048576K
}
Event: 10.598 GC heap before
{Heap before GC invocations=12 (full 0):
 garbage-first heap   total 89088K, used 65237K [0x0000000080000000, 0x0000000100000000)
  region size 1024K, 16 young (16384K), 1 survivors (1024K)
 Metaspace       used 34715K, committed 35072K, reserved 1081344K
  class space    used 4826K, committed 4992K, reserved 1048576K
}
Event: 10.605 GC heap after
{Heap after GC invocations=13 (full 0):
 garbage-first heap   total 89088K, used 50504K [0x0000000080000000, 0x0000000100000000)
  region size 1024K, 2 young (2048K), 2 survivors (2048K)
 Metaspace       used 34715K, committed 35072K, reserved 1081344K
  class space    used 4826K, committed 4992K, reserved 1048576K
}
Event: 11.555 GC heap before
{Heap before GC invocations=13 (full 0):
 garbage-first heap   total 89088K, used 69960K [0x0000000080000000, 0x0000000100000000)
  region size 1024K, 21 young (21504K), 2 survivors (2048K)
 Metaspace       used 40378K, committed 40768K, reserved 1089536K
  class space    used 5450K, committed 5632K, reserved 1048576K
}
Event: 11.562 GC heap after
{Heap after GC invocations=14 (full 0):
 garbage-first heap   total 89088K, used 53019K [0x0000000080000000, 0x0000000100000000)
  region size 1024K, 3 young (3072K), 3 survivors (3072K)
 Metaspace       used 40378K, committed 40768K, reserved 1089536K
  class space    used 5450K, committed 5632K, reserved 1048576K
}
Event: 11.926 GC heap before
{Heap before GC invocations=15 (full 0):
 garbage-first heap   total 94208K, used 70427K [0x0000000080000000, 0x0000000100000000)
  region size 1024K, 20 young (20480K), 3 survivors (3072K)
 Metaspace       used 41702K, committed 42112K, reserved 1089536K
  class space    used 5571K, committed 5760K, reserved 1048576K
}
Event: 11.933 GC heap after
{Heap after GC invocations=16 (full 0):
 garbage-first heap   total 94208K, used 55680K [0x0000000080000000, 0x0000000100000000)
  region size 1024K, 3 young (3072K), 3 survivors (3072K)
 Metaspace       used 41702K, committed 42112K, reserved 1089536K
  class space    used 5571K, committed 5760K, reserved 1048576K
}
Event: 12.086 GC heap before
{Heap before GC invocations=16 (full 0):
 garbage-first heap   total 94208K, used 65920K [0x0000000080000000, 0x0000000100000000)
  region size 1024K, 15 young (15360K), 3 survivors (3072K)
 Metaspace       used 42173K, committed 42624K, reserved 1089536K
  class space    used 5616K, committed 5824K, reserved 1048576K
}
Event: 12.091 GC heap after
{Heap after GC invocations=17 (full 0):
 garbage-first heap   total 94208K, used 56232K [0x0000000080000000, 0x0000000100000000)
  region size 1024K, 2 young (2048K), 2 survivors (2048K)
 Metaspace       used 42173K, committed 42624K, reserved 1089536K
  class space    used 5616K, committed 5824K, reserved 1048576K
}
Event: 12.751 GC heap before
{Heap before GC invocations=18 (full 0):
 garbage-first heap   total 102400K, used 78760K [0x0000000080000000, 0x0000000100000000)
  region size 1024K, 21 young (21504K), 2 survivors (2048K)
 Metaspace       used 45471K, committed 45888K, reserved 1089536K
  class space    used 6009K, committed 6208K, reserved 1048576K
}
Event: 12.757 GC heap after
{Heap after GC invocations=19 (full 0):
 garbage-first heap   total 102400K, used 57265K [0x0000000080000000, 0x0000000100000000)
  region size 1024K, 2 young (2048K), 2 survivors (2048K)
 Metaspace       used 45471K, committed 45888K, reserved 1089536K
  class space    used 6009K, committed 6208K, reserved 1048576K
}
Event: 13.152 GC heap before
{Heap before GC invocations=19 (full 0):
 garbage-first heap   total 102400K, used 68529K [0x0000000080000000, 0x0000000100000000)
  region size 1024K, 14 young (14336K), 2 survivors (2048K)
 Metaspace       used 46607K, committed 47040K, reserved 1089536K
  class space    used 6184K, committed 6400K, reserved 1048576K
}
Event: 13.158 GC heap after
{Heap after GC invocations=20 (full 0):
 garbage-first heap   total 102400K, used 58878K [0x0000000080000000, 0x0000000100000000)
  region size 1024K, 4 young (4096K), 4 survivors (4096K)
 Metaspace       used 46607K, committed 47040K, reserved 1089536K
  class space    used 6184K, committed 6400K, reserved 1048576K
}
Event: 14.477 GC heap before
{Heap before GC invocations=21 (full 0):
 garbage-first heap   total 116736K, used 74238K [0x0000000080000000, 0x0000000100000000)
  region size 1024K, 15 young (15360K), 4 survivors (4096K)
 Metaspace       used 47333K, committed 47808K, reserved 1097728K
  class space    used 6267K, committed 6464K, reserved 1048576K
}
Event: 14.485 GC heap after
{Heap after GC invocations=22 (full 0):
 garbage-first heap   total 116736K, used 67350K [0x0000000080000000, 0x0000000100000000)
  region size 1024K, 4 young (4096K), 4 survivors (4096K)
 Metaspace       used 47333K, committed 47808K, reserved 1097728K
  class space    used 6267K, committed 6464K, reserved 1048576K
}

